TN:
SF:/home/praveend/C-upskilling-exercises/topic-20/data-structures-c/symbol-table/binary-search-tree-root-insertion/main.c
FN:10,main
FNDA:1,main
DA:10,1
DA:14,1
DA:16,1
DA:18,21
DA:19,20
DA:20,20
DA:21,20
DA:22,20
DA:26,1
DA:28,1
DA:30,1
DA:32,1
DA:34,1
DA:36,1
DA:38,1
DA:39,1
DA:41,0
DA:45,1
DA:47,1
end_of_record
TN:
SF:/home/praveend/C-upskilling-exercises/topic-20/data-structures-c/symbol-table/binary-search-tree-root-insertion/st.c
FN:16,NEW
FNDA:21,NEW
FN:25,STrotR
FNDA:37,STrotR
FN:36,STrotL
FNDA:35,STrotL
FN:47,STpartR
FNDA:1,STpartR
FN:63,STjoinLR
FNDA:1,STjoinLR
FN:76,STinit
FNDA:1,STinit
FN:80,STcount
FNDA:2,STcount
FN:84,STsearchR
FNDA:5,STsearchR
FN:104,STsearch
FNDA:1,STsearch
FN:108,STinsertR
FNDA:92,STinsertR
FN:130,STinsert
FNDA:20,STinsert
FN:134,STselectR
FNDA:2,STselectR
FN:154,STselect
FNDA:1,STselect
FN:158,STdeleteR
FNDA:2,STdeleteR
FN:196,STdelete
FNDA:1,STdelete
FN:200,STsortR
FNDA:0,STsortR
FN:210,STsort
FNDA:0,STsort
DA:16,21
DA:17,21
DA:18,21
DA:19,21
DA:20,21
DA:21,21
DA:22,21
DA:25,37
DA:26,37
DA:27,37
DA:28,37
DA:30,37
DA:31,37
DA:33,37
DA:36,35
DA:37,35
DA:38,35
DA:39,35
DA:41,35
DA:42,35
DA:44,35
DA:47,1
DA:48,1
DA:50,1
DA:51,0
DA:52,0
DA:55,1
DA:56,0
DA:57,0
DA:60,1
DA:63,1
DA:64,1
DA:65,0
DA:68,1
DA:69,1
DA:71,1
DA:73,1
DA:76,1
DA:77,1
DA:78,1
DA:80,2
DA:81,2
DA:84,5
DA:87,5
DA:88,1
DA:91,4
DA:93,4
DA:94,0
DA:97,4
DA:98,2
DA:100,2
DA:104,1
DA:105,1
DA:108,92
DA:111,92
DA:112,20
DA:115,72
DA:117,72
DA:118,37
DA:119,37
DA:120,37
DA:122,35
DA:123,35
DA:124,35
DA:127,72
DA:130,20
DA:131,20
DA:132,20
DA:134,2
DA:137,2
DA:138,0
DA:141,2
DA:143,2
DA:144,1
DA:147,1
DA:148,0
DA:151,1
DA:154,1
DA:155,1
DA:158,2
DA:159,2
DA:161,2
DA:163,2
DA:164,0
DA:167,2
DA:168,1
DA:169,1
DA:171,1
DA:172,1
DA:173,1
DA:177,2
DA:178,0
DA:179,0
DA:181,0
DA:182,0
DA:183,0
DA:187,2
DA:188,1
DA:189,1
DA:190,1
DA:193,2
DA:196,1
DA:197,1
DA:198,1
DA:200,0
DA:201,0
DA:202,0
DA:205,0
DA:206,0
DA:207,0
DA:210,0
DA:211,0
DA:212,0
end_of_record
