TN:
SF:/home/praveend/C-upskilling-exercises/topic-20/data-structures-c/linked-lists/mergesort/main.c
FN:8,main
FNDA:1,main
DA:8,1
DA:11,1
DA:13,1
DA:15,1
DA:17,1
DA:19,1
DA:21,1
end_of_record
TN:
SF:/home/praveend/C-upskilling-exercises/topic-20/data-structures-c/linked-lists/mergesort/list.c
FN:6,NEW
FNDA:51,NEW
FN:13,list_max
FNDA:0,list_max
FN:25,list_init
FNDA:1,list_init
FN:40,list_show
FNDA:2,list_show
FN:53,list_merge
FNDA:50,list_merge
FN:73,list_mergesort
FNDA:101,list_mergesort
DA:6,51
DA:7,51
DA:8,51
DA:9,51
DA:10,51
DA:13,0
DA:16,0
DA:17,0
DA:18,0
DA:22,0
DA:25,1
DA:29,1
DA:31,50
DA:32,49
DA:35,1
DA:37,1
DA:40,2
DA:42,102
DA:43,100
DA:46,2
DA:47,2
DA:53,50
DA:55,50
DA:57,284
DA:58,234
DA:59,125
DA:60,125
DA:61,125
DA:63,109
DA:64,109
DA:65,109
DA:68,50
DA:70,50
DA:73,101
DA:76,101
DA:77,51
DA:79,50
DA:80,50
DA:82,157
DA:83,107
DA:84,107
DA:87,50
DA:88,50
DA:90,50
end_of_record
TN:
SF:/home/praveend/C-upskilling-exercises/topic-20/data-structures-c/linked-lists/mergesort/item.c
FN:5,item_rand
FNDA:50,item_rand
FN:9,item_dummy
FNDA:1,item_dummy
FN:13,item_show
FNDA:100,item_show
DA:5,50
DA:6,50
DA:9,1
DA:10,1
DA:13,100
DA:14,100
DA:15,100
end_of_record
