        -:    0:Source:main.c
        -:    0:Graph:main.gcno
        -:    0:Data:main.gcda
        -:    0:Runs:1
        -:    1:#include <stdlib.h>
        -:    2:#include <time.h>
        -:    3:#include "item.h"
        -:    4:#include "list.h"
        -:    5:
        -:    6:static int N = 50;
        -:    7:
        1:    8:int main(void) {
        -:    9:	link h;
        -:   10:	
        1:   11:	srand(time(NULL));
        -:   12:
        1:   13:	h = list_init(N);
        -:   14:	
        1:   15:	list_show(h);
        -:   16:	
        1:   17:	h = list_mergesort(h);
        -:   18:	
        1:   19:	list_show(h);
        -:   20:	
        1:   21:	return 0;
        -:   22:}
